Performing C SOURCE FILE Test CMAKE_HAVE_LIBC_PTHREAD failed with the following output:
Change Dir: /mnt/shared/data/code/fetchweather/cmake-build-release-clang/CMakeFiles/CMakeTmp

Run Build Command(s):/usr/bin/make cmTC_60093/fast && /usr/bin/make  -f CMakeFiles/cmTC_60093.dir/build.make CMakeFiles/cmTC_60093.dir/build
make[1]: Entering directory '/home/mnt/shared/data/code/fetchweather/cmake-build-release-clang/CMakeFiles/CMakeTmp'
Building C object CMakeFiles/cmTC_60093.dir/src.c.o
/usr/bin/clang-12   -DCMAKE_HAVE_LIBC_PTHREAD   -o CMakeFiles/cmTC_60093.dir/src.c.o   -c /mnt/shared/data/code/fetchweather/cmake-build-release-clang/CMakeFiles/CMakeTmp/src.c
Linking C executable cmTC_60093
/home/opt/clion2020/bin/cmake/linux/bin/cmake -E cmake_link_script CMakeFiles/cmTC_60093.dir/link.txt --verbose=1
/usr/bin/clang-12  -DCMAKE_HAVE_LIBC_PTHREAD    CMakeFiles/cmTC_60093.dir/src.c.o  -o cmTC_60093 
/usr/bin/ld: CMakeFiles/cmTC_60093.dir/src.c.o: in function `main':
src.c:(.text+0x35): undefined reference to `pthread_create'
/usr/bin/ld: src.c:(.text+0x3e): undefined reference to `pthread_detach'
/usr/bin/ld: src.c:(.text+0x47): undefined reference to `pthread_cancel'
/usr/bin/ld: src.c:(.text+0x54): undefined reference to `pthread_join'
clang: error: linker command failed with exit code 1 (use -v to see invocation)
make[1]: *** [CMakeFiles/cmTC_60093.dir/build.make:107: cmTC_60093] Error 1
make[1]: Leaving directory '/home/mnt/shared/data/code/fetchweather/cmake-build-release-clang/CMakeFiles/CMakeTmp'
make: *** [Makefile:141: cmTC_60093/fast] Error 2


Source file was:
#include <pthread.h>

void* test_func(void* data)
{
  return data;
}

int main(void)
{
  pthread_t thread;
  pthread_create(&thread, NULL, test_func, NULL);
  pthread_detach(thread);
  pthread_cancel(thread);
  pthread_join(thread, NULL);
  pthread_atfork(NULL, NULL, NULL);
  pthread_exit(NULL);

  return 0;
}

Determining if the function pthread_create exists in the pthreads failed with the following output:
Change Dir: /mnt/shared/data/code/fetchweather/cmake-build-release-clang/CMakeFiles/CMakeTmp

Run Build Command(s):/usr/bin/make cmTC_dc216/fast && /usr/bin/make  -f CMakeFiles/cmTC_dc216.dir/build.make CMakeFiles/cmTC_dc216.dir/build
make[1]: Entering directory '/home/mnt/shared/data/code/fetchweather/cmake-build-release-clang/CMakeFiles/CMakeTmp'
Building C object CMakeFiles/cmTC_dc216.dir/CheckFunctionExists.c.o
/usr/bin/clang-12   -DCHECK_FUNCTION_EXISTS=pthread_create   -o CMakeFiles/cmTC_dc216.dir/CheckFunctionExists.c.o   -c /home/opt/clion2020/bin/cmake/linux/share/cmake-3.17/Modules/CheckFunctionExists.c
Linking C executable cmTC_dc216
/home/opt/clion2020/bin/cmake/linux/bin/cmake -E cmake_link_script CMakeFiles/cmTC_dc216.dir/link.txt --verbose=1
/usr/bin/clang-12  -DCHECK_FUNCTION_EXISTS=pthread_create    CMakeFiles/cmTC_dc216.dir/CheckFunctionExists.c.o  -o cmTC_dc216  -lpthreads 
/usr/bin/ld: cannot find -lpthreads
clang: error: linker command failed with exit code 1 (use -v to see invocation)
make[1]: *** [CMakeFiles/cmTC_dc216.dir/build.make:107: cmTC_dc216] Error 1
make[1]: Leaving directory '/home/mnt/shared/data/code/fetchweather/cmake-build-release-clang/CMakeFiles/CMakeTmp'
make: *** [Makefile:141: cmTC_dc216/fast] Error 2



