The system is: Linux - 5.11.0-23-generic - x86_64
Compiling the C compiler identification source file "CMakeCCompilerId.c" succeeded.
Compiler: /bin/clang-12 
Build flags: 
Id flags:  

The output was:
0


Compilation of the C compiler identification source "CMakeCCompilerId.c" produced "a.out"

The C compiler identification is Clang, found in "/mnt/shared/data/code/fetchweather/build/CMakeFiles/3.21.0/CompilerIdC/a.out"

Compiling the CXX compiler identification source file "CMakeCXXCompilerId.cpp" succeeded.
Compiler: /bin/clang++-12 
Build flags: 
Id flags:  

The output was:
0


Compilation of the CXX compiler identification source "CMakeCXXCompilerId.cpp" produced "a.out"

The CXX compiler identification is Clang, found in "/mnt/shared/data/code/fetchweather/build/CMakeFiles/3.21.0/CompilerIdCXX/a.out"

Detecting C compiler ABI info compiled with the following output:
Change Dir: /mnt/shared/data/code/fetchweather/build/CMakeFiles/CMakeTmp

Run Build Command(s):/usr/bin/ninja cmTC_0c68f && [1/2] Building C object CMakeFiles/cmTC_0c68f.dir/CMakeCCompilerABI.c.o
Ubuntu clang version 12.0.1-++20210630032618+fed41342a82f-1~exp1~20210630133332.127
Target: x86_64-pc-linux-gnu
Thread model: posix
InstalledDir: /bin
Found candidate GCC installation: /bin/../lib/gcc/x86_64-linux-gnu/10
Found candidate GCC installation: /bin/../lib/gcc/x86_64-linux-gnu/9
Found candidate GCC installation: /usr/lib/gcc/x86_64-linux-gnu/10
Found candidate GCC installation: /usr/lib/gcc/x86_64-linux-gnu/9
Selected GCC installation: /bin/../lib/gcc/x86_64-linux-gnu/10
Candidate multilib: .;@m64
Selected multilib: .;@m64
 (in-process)
 "/usr/lib/llvm-12/bin/clang" -cc1 -triple x86_64-pc-linux-gnu -emit-obj -mrelax-all --mrelax-relocations -disable-free -disable-llvm-verifier -discard-value-names -main-file-name CMakeCCompilerABI.c -mrelocation-model static -mframe-pointer=all -fmath-errno -fno-rounding-math -mconstructor-aliases -munwind-tables -target-cpu x86-64 -tune-cpu generic -fno-split-dwarf-inlining -debugger-tuning=gdb -v -resource-dir /usr/lib/llvm-12/lib/clang/12.0.1 -dependency-file CMakeFiles/cmTC_0c68f.dir/CMakeCCompilerABI.c.o.d -MT CMakeFiles/cmTC_0c68f.dir/CMakeCCompilerABI.c.o -sys-header-deps -internal-isystem /usr/local/include -internal-isystem /usr/lib/llvm-12/lib/clang/12.0.1/include -internal-externc-isystem /usr/include/x86_64-linux-gnu -internal-externc-isystem /include -internal-externc-isystem /usr/include -fdebug-compilation-dir /home/mnt/shared/data/code/fetchweather/build/CMakeFiles/CMakeTmp -ferror-limit 19 -fgnuc-version=4.2.1 -faddrsig -o CMakeFiles/cmTC_0c68f.dir/CMakeCCompilerABI.c.o -x c /usr/share/cmake-3.21/Modules/CMakeCCompilerABI.c
clang -cc1 version 12.0.1 based upon LLVM 12.0.1 default target x86_64-pc-linux-gnu
ignoring nonexistent directory "/include"
#include "..." search starts here:
#include <...> search starts here:
 /usr/local/include
 /usr/lib/llvm-12/lib/clang/12.0.1/include
 /usr/include/x86_64-linux-gnu
 /usr/include
End of search list.
[2/2] Linking C executable cmTC_0c68f
Ubuntu clang version 12.0.1-++20210630032618+fed41342a82f-1~exp1~20210630133332.127
Target: x86_64-pc-linux-gnu
Thread model: posix
InstalledDir: /bin
Found candidate GCC installation: /bin/../lib/gcc/x86_64-linux-gnu/10
Found candidate GCC installation: /bin/../lib/gcc/x86_64-linux-gnu/9
Found candidate GCC installation: /usr/lib/gcc/x86_64-linux-gnu/10
Found candidate GCC installation: /usr/lib/gcc/x86_64-linux-gnu/9
Selected GCC installation: /bin/../lib/gcc/x86_64-linux-gnu/10
Candidate multilib: .;@m64
Selected multilib: .;@m64
 "/bin/ld" -z relro --hash-style=gnu --build-id --eh-frame-hdr -m elf_x86_64 -dynamic-linker /lib64/ld-linux-x86-64.so.2 -o cmTC_0c68f /bin/../lib/gcc/x86_64-linux-gnu/10/../../../x86_64-linux-gnu/crt1.o /bin/../lib/gcc/x86_64-linux-gnu/10/../../../x86_64-linux-gnu/crti.o /bin/../lib/gcc/x86_64-linux-gnu/10/crtbegin.o -L/bin/../lib/gcc/x86_64-linux-gnu/10 -L/bin/../lib/gcc/x86_64-linux-gnu/10/../../../x86_64-linux-gnu -L/bin/../lib/gcc/x86_64-linux-gnu/10/../../../../lib64 -L/lib/x86_64-linux-gnu -L/lib/../lib64 -L/usr/lib/x86_64-linux-gnu -L/usr/lib/../lib64 -L/usr/lib/x86_64-linux-gnu/../../lib64 -L/bin/../lib/gcc/x86_64-linux-gnu/10/../../.. -L/usr/lib/llvm-12/bin/../lib -L/lib -L/usr/lib CMakeFiles/cmTC_0c68f.dir/CMakeCCompilerABI.c.o -lgcc --as-needed -lgcc_s --no-as-needed -lc -lgcc --as-needed -lgcc_s --no-as-needed /bin/../lib/gcc/x86_64-linux-gnu/10/crtend.o /bin/../lib/gcc/x86_64-linux-gnu/10/../../../x86_64-linux-gnu/crtn.o



Parsed C implicit include dir info from above output: rv=done
  found start of include info
  found start of implicit include info
    add: [/usr/local/include]
    add: [/usr/lib/llvm-12/lib/clang/12.0.1/include]
    add: [/usr/include/x86_64-linux-gnu]
    add: [/usr/include]
  end of search list found
  collapse include dir [/usr/local/include] ==> [/usr/local/include]
  collapse include dir [/usr/lib/llvm-12/lib/clang/12.0.1/include] ==> [/usr/lib/llvm-12/lib/clang/12.0.1/include]
  collapse include dir [/usr/include/x86_64-linux-gnu] ==> [/usr/include/x86_64-linux-gnu]
  collapse include dir [/usr/include] ==> [/usr/include]
  implicit include dirs: [/usr/local/include;/usr/lib/llvm-12/lib/clang/12.0.1/include;/usr/include/x86_64-linux-gnu;/usr/include]


Parsed C implicit link information from above output:
  link line regex: [^( *|.*[/\])(ld\.lld-12|CMAKE_LINK_STARTFILE-NOTFOUND|([^/\]+-)?ld|collect2)[^/\]*( |$)]
  ignore line: [Change Dir: /mnt/shared/data/code/fetchweather/build/CMakeFiles/CMakeTmp]
  ignore line: []
  ignore line: [Run Build Command(s):/usr/bin/ninja cmTC_0c68f && [1/2] Building C object CMakeFiles/cmTC_0c68f.dir/CMakeCCompilerABI.c.o]
  ignore line: [Ubuntu clang version 12.0.1-++20210630032618+fed41342a82f-1~exp1~20210630133332.127]
  ignore line: [Target: x86_64-pc-linux-gnu]
  ignore line: [Thread model: posix]
  ignore line: [InstalledDir: /bin]
  ignore line: [Found candidate GCC installation: /bin/../lib/gcc/x86_64-linux-gnu/10]
  ignore line: [Found candidate GCC installation: /bin/../lib/gcc/x86_64-linux-gnu/9]
  ignore line: [Found candidate GCC installation: /usr/lib/gcc/x86_64-linux-gnu/10]
  ignore line: [Found candidate GCC installation: /usr/lib/gcc/x86_64-linux-gnu/9]
  ignore line: [Selected GCC installation: /bin/../lib/gcc/x86_64-linux-gnu/10]
  ignore line: [Candidate multilib: .]
  ignore line: [@m64]
  ignore line: [Selected multilib: .]
  ignore line: [@m64]
  ignore line: [ (in-process)]
  ignore line: [ "/usr/lib/llvm-12/bin/clang" -cc1 -triple x86_64-pc-linux-gnu -emit-obj -mrelax-all --mrelax-relocations -disable-free -disable-llvm-verifier -discard-value-names -main-file-name CMakeCCompilerABI.c -mrelocation-model static -mframe-pointer=all -fmath-errno -fno-rounding-math -mconstructor-aliases -munwind-tables -target-cpu x86-64 -tune-cpu generic -fno-split-dwarf-inlining -debugger-tuning=gdb -v -resource-dir /usr/lib/llvm-12/lib/clang/12.0.1 -dependency-file CMakeFiles/cmTC_0c68f.dir/CMakeCCompilerABI.c.o.d -MT CMakeFiles/cmTC_0c68f.dir/CMakeCCompilerABI.c.o -sys-header-deps -internal-isystem /usr/local/include -internal-isystem /usr/lib/llvm-12/lib/clang/12.0.1/include -internal-externc-isystem /usr/include/x86_64-linux-gnu -internal-externc-isystem /include -internal-externc-isystem /usr/include -fdebug-compilation-dir /home/mnt/shared/data/code/fetchweather/build/CMakeFiles/CMakeTmp -ferror-limit 19 -fgnuc-version=4.2.1 -faddrsig -o CMakeFiles/cmTC_0c68f.dir/CMakeCCompilerABI.c.o -x c /usr/share/cmake-3.21/Modules/CMakeCCompilerABI.c]
  ignore line: [clang -cc1 version 12.0.1 based upon LLVM 12.0.1 default target x86_64-pc-linux-gnu]
  ignore line: [ignoring nonexistent directory "/include"]
  ignore line: [#include "..." search starts here:]
  ignore line: [#include <...> search starts here:]
  ignore line: [ /usr/local/include]
  ignore line: [ /usr/lib/llvm-12/lib/clang/12.0.1/include]
  ignore line: [ /usr/include/x86_64-linux-gnu]
  ignore line: [ /usr/include]
  ignore line: [End of search list.]
  ignore line: [[2/2] Linking C executable cmTC_0c68f]
  ignore line: [Ubuntu clang version 12.0.1-++20210630032618+fed41342a82f-1~exp1~20210630133332.127]
  ignore line: [Target: x86_64-pc-linux-gnu]
  ignore line: [Thread model: posix]
  ignore line: [InstalledDir: /bin]
  ignore line: [Found candidate GCC installation: /bin/../lib/gcc/x86_64-linux-gnu/10]
  ignore line: [Found candidate GCC installation: /bin/../lib/gcc/x86_64-linux-gnu/9]
  ignore line: [Found candidate GCC installation: /usr/lib/gcc/x86_64-linux-gnu/10]
  ignore line: [Found candidate GCC installation: /usr/lib/gcc/x86_64-linux-gnu/9]
  ignore line: [Selected GCC installation: /bin/../lib/gcc/x86_64-linux-gnu/10]
  ignore line: [Candidate multilib: .]
  ignore line: [@m64]
  ignore line: [Selected multilib: .]
  ignore line: [@m64]
  link line: [ "/bin/ld" -z relro --hash-style=gnu --build-id --eh-frame-hdr -m elf_x86_64 -dynamic-linker /lib64/ld-linux-x86-64.so.2 -o cmTC_0c68f /bin/../lib/gcc/x86_64-linux-gnu/10/../../../x86_64-linux-gnu/crt1.o /bin/../lib/gcc/x86_64-linux-gnu/10/../../../x86_64-linux-gnu/crti.o /bin/../lib/gcc/x86_64-linux-gnu/10/crtbegin.o -L/bin/../lib/gcc/x86_64-linux-gnu/10 -L/bin/../lib/gcc/x86_64-linux-gnu/10/../../../x86_64-linux-gnu -L/bin/../lib/gcc/x86_64-linux-gnu/10/../../../../lib64 -L/lib/x86_64-linux-gnu -L/lib/../lib64 -L/usr/lib/x86_64-linux-gnu -L/usr/lib/../lib64 -L/usr/lib/x86_64-linux-gnu/../../lib64 -L/bin/../lib/gcc/x86_64-linux-gnu/10/../../.. -L/usr/lib/llvm-12/bin/../lib -L/lib -L/usr/lib CMakeFiles/cmTC_0c68f.dir/CMakeCCompilerABI.c.o -lgcc --as-needed -lgcc_s --no-as-needed -lc -lgcc --as-needed -lgcc_s --no-as-needed /bin/../lib/gcc/x86_64-linux-gnu/10/crtend.o /bin/../lib/gcc/x86_64-linux-gnu/10/../../../x86_64-linux-gnu/crtn.o]
    arg [/bin/ld] ==> ignore
    arg [-zrelro] ==> ignore
    arg [--hash-style=gnu] ==> ignore
    arg [--build-id] ==> ignore
    arg [--eh-frame-hdr] ==> ignore
    arg [-m] ==> ignore
    arg [elf_x86_64] ==> ignore
    arg [-dynamic-linker] ==> ignore
    arg [/lib64/ld-linux-x86-64.so.2] ==> ignore
    arg [-o] ==> ignore
    arg [cmTC_0c68f] ==> ignore
    arg [/bin/../lib/gcc/x86_64-linux-gnu/10/../../../x86_64-linux-gnu/crt1.o] ==> obj [/bin/../lib/gcc/x86_64-linux-gnu/10/../../../x86_64-linux-gnu/crt1.o]
    arg [/bin/../lib/gcc/x86_64-linux-gnu/10/../../../x86_64-linux-gnu/crti.o] ==> obj [/bin/../lib/gcc/x86_64-linux-gnu/10/../../../x86_64-linux-gnu/crti.o]
    arg [/bin/../lib/gcc/x86_64-linux-gnu/10/crtbegin.o] ==> obj [/bin/../lib/gcc/x86_64-linux-gnu/10/crtbegin.o]
    arg [-L/bin/../lib/gcc/x86_64-linux-gnu/10] ==> dir [/bin/../lib/gcc/x86_64-linux-gnu/10]
    arg [-L/bin/../lib/gcc/x86_64-linux-gnu/10/../../../x86_64-linux-gnu] ==> dir [/bin/../lib/gcc/x86_64-linux-gnu/10/../../../x86_64-linux-gnu]
    arg [-L/bin/../lib/gcc/x86_64-linux-gnu/10/../../../../lib64] ==> dir [/bin/../lib/gcc/x86_64-linux-gnu/10/../../../../lib64]
    arg [-L/lib/x86_64-linux-gnu] ==> dir [/lib/x86_64-linux-gnu]
    arg [-L/lib/../lib64] ==> dir [/lib/../lib64]
    arg [-L/usr/lib/x86_64-linux-gnu] ==> dir [/usr/lib/x86_64-linux-gnu]
    arg [-L/usr/lib/../lib64] ==> dir [/usr/lib/../lib64]
    arg [-L/usr/lib/x86_64-linux-gnu/../../lib64] ==> dir [/usr/lib/x86_64-linux-gnu/../../lib64]
    arg [-L/bin/../lib/gcc/x86_64-linux-gnu/10/../../..] ==> dir [/bin/../lib/gcc/x86_64-linux-gnu/10/../../..]
    arg [-L/usr/lib/llvm-12/bin/../lib] ==> dir [/usr/lib/llvm-12/bin/../lib]
    arg [-L/lib] ==> dir [/lib]
    arg [-L/usr/lib] ==> dir [/usr/lib]
    arg [CMakeFiles/cmTC_0c68f.dir/CMakeCCompilerABI.c.o] ==> ignore
    arg [-lgcc] ==> lib [gcc]
    arg [--as-needed] ==> ignore
    arg [-lgcc_s] ==> lib [gcc_s]
    arg [--no-as-needed] ==> ignore
    arg [-lc] ==> lib [c]
    arg [-lgcc] ==> lib [gcc]
    arg [--as-needed] ==> ignore
    arg [-lgcc_s] ==> lib [gcc_s]
    arg [--no-as-needed] ==> ignore
    arg [/bin/../lib/gcc/x86_64-linux-gnu/10/crtend.o] ==> obj [/bin/../lib/gcc/x86_64-linux-gnu/10/crtend.o]
    arg [/bin/../lib/gcc/x86_64-linux-gnu/10/../../../x86_64-linux-gnu/crtn.o] ==> obj [/bin/../lib/gcc/x86_64-linux-gnu/10/../../../x86_64-linux-gnu/crtn.o]
  collapse obj [/bin/../lib/gcc/x86_64-linux-gnu/10/../../../x86_64-linux-gnu/crt1.o] ==> [/lib/x86_64-linux-gnu/crt1.o]
  collapse obj [/bin/../lib/gcc/x86_64-linux-gnu/10/../../../x86_64-linux-gnu/crti.o] ==> [/lib/x86_64-linux-gnu/crti.o]
  collapse obj [/bin/../lib/gcc/x86_64-linux-gnu/10/crtbegin.o] ==> [/lib/gcc/x86_64-linux-gnu/10/crtbegin.o]
  collapse obj [/bin/../lib/gcc/x86_64-linux-gnu/10/crtend.o] ==> [/lib/gcc/x86_64-linux-gnu/10/crtend.o]
  collapse obj [/bin/../lib/gcc/x86_64-linux-gnu/10/../../../x86_64-linux-gnu/crtn.o] ==> [/lib/x86_64-linux-gnu/crtn.o]
  collapse library dir [/bin/../lib/gcc/x86_64-linux-gnu/10] ==> [/lib/gcc/x86_64-linux-gnu/10]
  collapse library dir [/bin/../lib/gcc/x86_64-linux-gnu/10/../../../x86_64-linux-gnu] ==> [/lib/x86_64-linux-gnu]
  collapse library dir [/bin/../lib/gcc/x86_64-linux-gnu/10/../../../../lib64] ==> [/lib64]
  collapse library dir [/lib/x86_64-linux-gnu] ==> [/lib/x86_64-linux-gnu]
  collapse library dir [/lib/../lib64] ==> [/lib64]
  collapse library dir [/usr/lib/x86_64-linux-gnu] ==> [/usr/lib/x86_64-linux-gnu]
  collapse library dir [/usr/lib/../lib64] ==> [/usr/lib64]
  collapse library dir [/usr/lib/x86_64-linux-gnu/../../lib64] ==> [/usr/lib64]
  collapse library dir [/bin/../lib/gcc/x86_64-linux-gnu/10/../../..] ==> [/lib]
  collapse library dir [/usr/lib/llvm-12/bin/../lib] ==> [/usr/lib/llvm-12/lib]
  collapse library dir [/lib] ==> [/lib]
  collapse library dir [/usr/lib] ==> [/usr/lib]
  implicit libs: [gcc;gcc_s;c;gcc;gcc_s]
  implicit objs: [/lib/x86_64-linux-gnu/crt1.o;/lib/x86_64-linux-gnu/crti.o;/lib/gcc/x86_64-linux-gnu/10/crtbegin.o;/lib/gcc/x86_64-linux-gnu/10/crtend.o;/lib/x86_64-linux-gnu/crtn.o]
  implicit dirs: [/lib/gcc/x86_64-linux-gnu/10;/lib/x86_64-linux-gnu;/lib64;/usr/lib/x86_64-linux-gnu;/usr/lib64;/lib;/usr/lib/llvm-12/lib;/usr/lib]
  implicit fwks: []


Detecting CXX compiler ABI info compiled with the following output:
Change Dir: /mnt/shared/data/code/fetchweather/build/CMakeFiles/CMakeTmp

Run Build Command(s):/usr/bin/ninja cmTC_b416f && [1/2] Building CXX object CMakeFiles/cmTC_b416f.dir/CMakeCXXCompilerABI.cpp.o
Ubuntu clang version 12.0.1-++20210630032618+fed41342a82f-1~exp1~20210630133332.127
Target: x86_64-pc-linux-gnu
Thread model: posix
InstalledDir: /bin
Found candidate GCC installation: /bin/../lib/gcc/x86_64-linux-gnu/10
Found candidate GCC installation: /bin/../lib/gcc/x86_64-linux-gnu/9
Found candidate GCC installation: /usr/lib/gcc/x86_64-linux-gnu/10
Found candidate GCC installation: /usr/lib/gcc/x86_64-linux-gnu/9
Selected GCC installation: /bin/../lib/gcc/x86_64-linux-gnu/10
Candidate multilib: .;@m64
Selected multilib: .;@m64
 (in-process)
 "/usr/lib/llvm-12/bin/clang" -cc1 -triple x86_64-pc-linux-gnu -emit-obj -mrelax-all --mrelax-relocations -disable-free -disable-llvm-verifier -discard-value-names -main-file-name CMakeCXXCompilerABI.cpp -mrelocation-model static -mframe-pointer=all -fmath-errno -fno-rounding-math -mconstructor-aliases -munwind-tables -target-cpu x86-64 -tune-cpu generic -fno-split-dwarf-inlining -debugger-tuning=gdb -v -resource-dir /usr/lib/llvm-12/lib/clang/12.0.1 -dependency-file CMakeFiles/cmTC_b416f.dir/CMakeCXXCompilerABI.cpp.o.d -MT CMakeFiles/cmTC_b416f.dir/CMakeCXXCompilerABI.cpp.o -sys-header-deps -internal-isystem /bin/../lib/gcc/x86_64-linux-gnu/10/../../../../include/c++/10 -internal-isystem /bin/../lib/gcc/x86_64-linux-gnu/10/../../../../include/x86_64-linux-gnu/c++/10 -internal-isystem /bin/../lib/gcc/x86_64-linux-gnu/10/../../../../include/x86_64-linux-gnu/c++/10 -internal-isystem /bin/../lib/gcc/x86_64-linux-gnu/10/../../../../include/c++/10/backward -internal-isystem /usr/local/include -internal-isystem /usr/lib/llvm-12/lib/clang/12.0.1/include -internal-externc-isystem /usr/include/x86_64-linux-gnu -internal-externc-isystem /include -internal-externc-isystem /usr/include -fdeprecated-macro -fdebug-compilation-dir /home/mnt/shared/data/code/fetchweather/build/CMakeFiles/CMakeTmp -ferror-limit 19 -fgnuc-version=4.2.1 -fcxx-exceptions -fexceptions -faddrsig -o CMakeFiles/cmTC_b416f.dir/CMakeCXXCompilerABI.cpp.o -x c++ /usr/share/cmake-3.21/Modules/CMakeCXXCompilerABI.cpp
clang -cc1 version 12.0.1 based upon LLVM 12.0.1 default target x86_64-pc-linux-gnu
ignoring nonexistent directory "/include"
ignoring duplicate directory "/bin/../lib/gcc/x86_64-linux-gnu/10/../../../../include/x86_64-linux-gnu/c++/10"
#include "..." search starts here:
#include <...> search starts here:
 /bin/../lib/gcc/x86_64-linux-gnu/10/../../../../include/c++/10
 /bin/../lib/gcc/x86_64-linux-gnu/10/../../../../include/x86_64-linux-gnu/c++/10
 /bin/../lib/gcc/x86_64-linux-gnu/10/../../../../include/c++/10/backward
 /usr/local/include
 /usr/lib/llvm-12/lib/clang/12.0.1/include
 /usr/include/x86_64-linux-gnu
 /usr/include
End of search list.
[2/2] Linking CXX executable cmTC_b416f
Ubuntu clang version 12.0.1-++20210630032618+fed41342a82f-1~exp1~20210630133332.127
Target: x86_64-pc-linux-gnu
Thread model: posix
InstalledDir: /bin
Found candidate GCC installation: /bin/../lib/gcc/x86_64-linux-gnu/10
Found candidate GCC installation: /bin/../lib/gcc/x86_64-linux-gnu/9
Found candidate GCC installation: /usr/lib/gcc/x86_64-linux-gnu/10
Found candidate GCC installation: /usr/lib/gcc/x86_64-linux-gnu/9
Selected GCC installation: /bin/../lib/gcc/x86_64-linux-gnu/10
Candidate multilib: .;@m64
Selected multilib: .;@m64
 "/bin/ld" -z relro --hash-style=gnu --build-id --eh-frame-hdr -m elf_x86_64 -dynamic-linker /lib64/ld-linux-x86-64.so.2 -o cmTC_b416f /bin/../lib/gcc/x86_64-linux-gnu/10/../../../x86_64-linux-gnu/crt1.o /bin/../lib/gcc/x86_64-linux-gnu/10/../../../x86_64-linux-gnu/crti.o /bin/../lib/gcc/x86_64-linux-gnu/10/crtbegin.o -L/bin/../lib/gcc/x86_64-linux-gnu/10 -L/bin/../lib/gcc/x86_64-linux-gnu/10/../../../x86_64-linux-gnu -L/bin/../lib/gcc/x86_64-linux-gnu/10/../../../../lib64 -L/lib/x86_64-linux-gnu -L/lib/../lib64 -L/usr/lib/x86_64-linux-gnu -L/usr/lib/../lib64 -L/usr/lib/x86_64-linux-gnu/../../lib64 -L/bin/../lib/gcc/x86_64-linux-gnu/10/../../.. -L/usr/lib/llvm-12/bin/../lib -L/lib -L/usr/lib CMakeFiles/cmTC_b416f.dir/CMakeCXXCompilerABI.cpp.o -lstdc++ -lm -lgcc_s -lgcc -lc -lgcc_s -lgcc /bin/../lib/gcc/x86_64-linux-gnu/10/crtend.o /bin/../lib/gcc/x86_64-linux-gnu/10/../../../x86_64-linux-gnu/crtn.o



Parsed CXX implicit include dir info from above output: rv=done
  found start of include info
  found start of implicit include info
    add: [/bin/../lib/gcc/x86_64-linux-gnu/10/../../../../include/c++/10]
    add: [/bin/../lib/gcc/x86_64-linux-gnu/10/../../../../include/x86_64-linux-gnu/c++/10]
    add: [/bin/../lib/gcc/x86_64-linux-gnu/10/../../../../include/c++/10/backward]
    add: [/usr/local/include]
    add: [/usr/lib/llvm-12/lib/clang/12.0.1/include]
    add: [/usr/include/x86_64-linux-gnu]
    add: [/usr/include]
  end of search list found
  collapse include dir [/bin/../lib/gcc/x86_64-linux-gnu/10/../../../../include/c++/10] ==> [/include/c++/10]
  collapse include dir [/bin/../lib/gcc/x86_64-linux-gnu/10/../../../../include/x86_64-linux-gnu/c++/10] ==> [/include/x86_64-linux-gnu/c++/10]
  collapse include dir [/bin/../lib/gcc/x86_64-linux-gnu/10/../../../../include/c++/10/backward] ==> [/include/c++/10/backward]
  collapse include dir [/usr/local/include] ==> [/usr/local/include]
  collapse include dir [/usr/lib/llvm-12/lib/clang/12.0.1/include] ==> [/usr/lib/llvm-12/lib/clang/12.0.1/include]
  collapse include dir [/usr/include/x86_64-linux-gnu] ==> [/usr/include/x86_64-linux-gnu]
  collapse include dir [/usr/include] ==> [/usr/include]
  implicit include dirs: [/include/c++/10;/include/x86_64-linux-gnu/c++/10;/include/c++/10/backward;/usr/local/include;/usr/lib/llvm-12/lib/clang/12.0.1/include;/usr/include/x86_64-linux-gnu;/usr/include]


Parsed CXX implicit link information from above output:
  link line regex: [^( *|.*[/\])(ld\.lld-12|CMAKE_LINK_STARTFILE-NOTFOUND|([^/\]+-)?ld|collect2)[^/\]*( |$)]
  ignore line: [Change Dir: /mnt/shared/data/code/fetchweather/build/CMakeFiles/CMakeTmp]
  ignore line: []
  ignore line: [Run Build Command(s):/usr/bin/ninja cmTC_b416f && [1/2] Building CXX object CMakeFiles/cmTC_b416f.dir/CMakeCXXCompilerABI.cpp.o]
  ignore line: [Ubuntu clang version 12.0.1-++20210630032618+fed41342a82f-1~exp1~20210630133332.127]
  ignore line: [Target: x86_64-pc-linux-gnu]
  ignore line: [Thread model: posix]
  ignore line: [InstalledDir: /bin]
  ignore line: [Found candidate GCC installation: /bin/../lib/gcc/x86_64-linux-gnu/10]
  ignore line: [Found candidate GCC installation: /bin/../lib/gcc/x86_64-linux-gnu/9]
  ignore line: [Found candidate GCC installation: /usr/lib/gcc/x86_64-linux-gnu/10]
  ignore line: [Found candidate GCC installation: /usr/lib/gcc/x86_64-linux-gnu/9]
  ignore line: [Selected GCC installation: /bin/../lib/gcc/x86_64-linux-gnu/10]
  ignore line: [Candidate multilib: .]
  ignore line: [@m64]
  ignore line: [Selected multilib: .]
  ignore line: [@m64]
  ignore line: [ (in-process)]
  ignore line: [ "/usr/lib/llvm-12/bin/clang" -cc1 -triple x86_64-pc-linux-gnu -emit-obj -mrelax-all --mrelax-relocations -disable-free -disable-llvm-verifier -discard-value-names -main-file-name CMakeCXXCompilerABI.cpp -mrelocation-model static -mframe-pointer=all -fmath-errno -fno-rounding-math -mconstructor-aliases -munwind-tables -target-cpu x86-64 -tune-cpu generic -fno-split-dwarf-inlining -debugger-tuning=gdb -v -resource-dir /usr/lib/llvm-12/lib/clang/12.0.1 -dependency-file CMakeFiles/cmTC_b416f.dir/CMakeCXXCompilerABI.cpp.o.d -MT CMakeFiles/cmTC_b416f.dir/CMakeCXXCompilerABI.cpp.o -sys-header-deps -internal-isystem /bin/../lib/gcc/x86_64-linux-gnu/10/../../../../include/c++/10 -internal-isystem /bin/../lib/gcc/x86_64-linux-gnu/10/../../../../include/x86_64-linux-gnu/c++/10 -internal-isystem /bin/../lib/gcc/x86_64-linux-gnu/10/../../../../include/x86_64-linux-gnu/c++/10 -internal-isystem /bin/../lib/gcc/x86_64-linux-gnu/10/../../../../include/c++/10/backward -internal-isystem /usr/local/include -internal-isystem /usr/lib/llvm-12/lib/clang/12.0.1/include -internal-externc-isystem /usr/include/x86_64-linux-gnu -internal-externc-isystem /include -internal-externc-isystem /usr/include -fdeprecated-macro -fdebug-compilation-dir /home/mnt/shared/data/code/fetchweather/build/CMakeFiles/CMakeTmp -ferror-limit 19 -fgnuc-version=4.2.1 -fcxx-exceptions -fexceptions -faddrsig -o CMakeFiles/cmTC_b416f.dir/CMakeCXXCompilerABI.cpp.o -x c++ /usr/share/cmake-3.21/Modules/CMakeCXXCompilerABI.cpp]
  ignore line: [clang -cc1 version 12.0.1 based upon LLVM 12.0.1 default target x86_64-pc-linux-gnu]
  ignore line: [ignoring nonexistent directory "/include"]
  ignore line: [ignoring duplicate directory "/bin/../lib/gcc/x86_64-linux-gnu/10/../../../../include/x86_64-linux-gnu/c++/10"]
  ignore line: [#include "..." search starts here:]
  ignore line: [#include <...> search starts here:]
  ignore line: [ /bin/../lib/gcc/x86_64-linux-gnu/10/../../../../include/c++/10]
  ignore line: [ /bin/../lib/gcc/x86_64-linux-gnu/10/../../../../include/x86_64-linux-gnu/c++/10]
  ignore line: [ /bin/../lib/gcc/x86_64-linux-gnu/10/../../../../include/c++/10/backward]
  ignore line: [ /usr/local/include]
  ignore line: [ /usr/lib/llvm-12/lib/clang/12.0.1/include]
  ignore line: [ /usr/include/x86_64-linux-gnu]
  ignore line: [ /usr/include]
  ignore line: [End of search list.]
  ignore line: [[2/2] Linking CXX executable cmTC_b416f]
  ignore line: [Ubuntu clang version 12.0.1-++20210630032618+fed41342a82f-1~exp1~20210630133332.127]
  ignore line: [Target: x86_64-pc-linux-gnu]
  ignore line: [Thread model: posix]
  ignore line: [InstalledDir: /bin]
  ignore line: [Found candidate GCC installation: /bin/../lib/gcc/x86_64-linux-gnu/10]
  ignore line: [Found candidate GCC installation: /bin/../lib/gcc/x86_64-linux-gnu/9]
  ignore line: [Found candidate GCC installation: /usr/lib/gcc/x86_64-linux-gnu/10]
  ignore line: [Found candidate GCC installation: /usr/lib/gcc/x86_64-linux-gnu/9]
  ignore line: [Selected GCC installation: /bin/../lib/gcc/x86_64-linux-gnu/10]
  ignore line: [Candidate multilib: .]
  ignore line: [@m64]
  ignore line: [Selected multilib: .]
  ignore line: [@m64]
  link line: [ "/bin/ld" -z relro --hash-style=gnu --build-id --eh-frame-hdr -m elf_x86_64 -dynamic-linker /lib64/ld-linux-x86-64.so.2 -o cmTC_b416f /bin/../lib/gcc/x86_64-linux-gnu/10/../../../x86_64-linux-gnu/crt1.o /bin/../lib/gcc/x86_64-linux-gnu/10/../../../x86_64-linux-gnu/crti.o /bin/../lib/gcc/x86_64-linux-gnu/10/crtbegin.o -L/bin/../lib/gcc/x86_64-linux-gnu/10 -L/bin/../lib/gcc/x86_64-linux-gnu/10/../../../x86_64-linux-gnu -L/bin/../lib/gcc/x86_64-linux-gnu/10/../../../../lib64 -L/lib/x86_64-linux-gnu -L/lib/../lib64 -L/usr/lib/x86_64-linux-gnu -L/usr/lib/../lib64 -L/usr/lib/x86_64-linux-gnu/../../lib64 -L/bin/../lib/gcc/x86_64-linux-gnu/10/../../.. -L/usr/lib/llvm-12/bin/../lib -L/lib -L/usr/lib CMakeFiles/cmTC_b416f.dir/CMakeCXXCompilerABI.cpp.o -lstdc++ -lm -lgcc_s -lgcc -lc -lgcc_s -lgcc /bin/../lib/gcc/x86_64-linux-gnu/10/crtend.o /bin/../lib/gcc/x86_64-linux-gnu/10/../../../x86_64-linux-gnu/crtn.o]
    arg [/bin/ld] ==> ignore
    arg [-zrelro] ==> ignore
    arg [--hash-style=gnu] ==> ignore
    arg [--build-id] ==> ignore
    arg [--eh-frame-hdr] ==> ignore
    arg [-m] ==> ignore
    arg [elf_x86_64] ==> ignore
    arg [-dynamic-linker] ==> ignore
    arg [/lib64/ld-linux-x86-64.so.2] ==> ignore
    arg [-o] ==> ignore
    arg [cmTC_b416f] ==> ignore
    arg [/bin/../lib/gcc/x86_64-linux-gnu/10/../../../x86_64-linux-gnu/crt1.o] ==> obj [/bin/../lib/gcc/x86_64-linux-gnu/10/../../../x86_64-linux-gnu/crt1.o]
    arg [/bin/../lib/gcc/x86_64-linux-gnu/10/../../../x86_64-linux-gnu/crti.o] ==> obj [/bin/../lib/gcc/x86_64-linux-gnu/10/../../../x86_64-linux-gnu/crti.o]
    arg [/bin/../lib/gcc/x86_64-linux-gnu/10/crtbegin.o] ==> obj [/bin/../lib/gcc/x86_64-linux-gnu/10/crtbegin.o]
    arg [-L/bin/../lib/gcc/x86_64-linux-gnu/10] ==> dir [/bin/../lib/gcc/x86_64-linux-gnu/10]
    arg [-L/bin/../lib/gcc/x86_64-linux-gnu/10/../../../x86_64-linux-gnu] ==> dir [/bin/../lib/gcc/x86_64-linux-gnu/10/../../../x86_64-linux-gnu]
    arg [-L/bin/../lib/gcc/x86_64-linux-gnu/10/../../../../lib64] ==> dir [/bin/../lib/gcc/x86_64-linux-gnu/10/../../../../lib64]
    arg [-L/lib/x86_64-linux-gnu] ==> dir [/lib/x86_64-linux-gnu]
    arg [-L/lib/../lib64] ==> dir [/lib/../lib64]
    arg [-L/usr/lib/x86_64-linux-gnu] ==> dir [/usr/lib/x86_64-linux-gnu]
    arg [-L/usr/lib/../lib64] ==> dir [/usr/lib/../lib64]
    arg [-L/usr/lib/x86_64-linux-gnu/../../lib64] ==> dir [/usr/lib/x86_64-linux-gnu/../../lib64]
    arg [-L/bin/../lib/gcc/x86_64-linux-gnu/10/../../..] ==> dir [/bin/../lib/gcc/x86_64-linux-gnu/10/../../..]
    arg [-L/usr/lib/llvm-12/bin/../lib] ==> dir [/usr/lib/llvm-12/bin/../lib]
    arg [-L/lib] ==> dir [/lib]
    arg [-L/usr/lib] ==> dir [/usr/lib]
    arg [CMakeFiles/cmTC_b416f.dir/CMakeCXXCompilerABI.cpp.o] ==> ignore
    arg [-lstdc++] ==> lib [stdc++]
    arg [-lm] ==> lib [m]
    arg [-lgcc_s] ==> lib [gcc_s]
    arg [-lgcc] ==> lib [gcc]
    arg [-lc] ==> lib [c]
    arg [-lgcc_s] ==> lib [gcc_s]
    arg [-lgcc] ==> lib [gcc]
    arg [/bin/../lib/gcc/x86_64-linux-gnu/10/crtend.o] ==> obj [/bin/../lib/gcc/x86_64-linux-gnu/10/crtend.o]
    arg [/bin/../lib/gcc/x86_64-linux-gnu/10/../../../x86_64-linux-gnu/crtn.o] ==> obj [/bin/../lib/gcc/x86_64-linux-gnu/10/../../../x86_64-linux-gnu/crtn.o]
  collapse obj [/bin/../lib/gcc/x86_64-linux-gnu/10/../../../x86_64-linux-gnu/crt1.o] ==> [/lib/x86_64-linux-gnu/crt1.o]
  collapse obj [/bin/../lib/gcc/x86_64-linux-gnu/10/../../../x86_64-linux-gnu/crti.o] ==> [/lib/x86_64-linux-gnu/crti.o]
  collapse obj [/bin/../lib/gcc/x86_64-linux-gnu/10/crtbegin.o] ==> [/lib/gcc/x86_64-linux-gnu/10/crtbegin.o]
  collapse obj [/bin/../lib/gcc/x86_64-linux-gnu/10/crtend.o] ==> [/lib/gcc/x86_64-linux-gnu/10/crtend.o]
  collapse obj [/bin/../lib/gcc/x86_64-linux-gnu/10/../../../x86_64-linux-gnu/crtn.o] ==> [/lib/x86_64-linux-gnu/crtn.o]
  collapse library dir [/bin/../lib/gcc/x86_64-linux-gnu/10] ==> [/lib/gcc/x86_64-linux-gnu/10]
  collapse library dir [/bin/../lib/gcc/x86_64-linux-gnu/10/../../../x86_64-linux-gnu] ==> [/lib/x86_64-linux-gnu]
  collapse library dir [/bin/../lib/gcc/x86_64-linux-gnu/10/../../../../lib64] ==> [/lib64]
  collapse library dir [/lib/x86_64-linux-gnu] ==> [/lib/x86_64-linux-gnu]
  collapse library dir [/lib/../lib64] ==> [/lib64]
  collapse library dir [/usr/lib/x86_64-linux-gnu] ==> [/usr/lib/x86_64-linux-gnu]
  collapse library dir [/usr/lib/../lib64] ==> [/usr/lib64]
  collapse library dir [/usr/lib/x86_64-linux-gnu/../../lib64] ==> [/usr/lib64]
  collapse library dir [/bin/../lib/gcc/x86_64-linux-gnu/10/../../..] ==> [/lib]
  collapse library dir [/usr/lib/llvm-12/bin/../lib] ==> [/usr/lib/llvm-12/lib]
  collapse library dir [/lib] ==> [/lib]
  collapse library dir [/usr/lib] ==> [/usr/lib]
  implicit libs: [stdc++;m;gcc_s;gcc;c;gcc_s;gcc]
  implicit objs: [/lib/x86_64-linux-gnu/crt1.o;/lib/x86_64-linux-gnu/crti.o;/lib/gcc/x86_64-linux-gnu/10/crtbegin.o;/lib/gcc/x86_64-linux-gnu/10/crtend.o;/lib/x86_64-linux-gnu/crtn.o]
  implicit dirs: [/lib/gcc/x86_64-linux-gnu/10;/lib/x86_64-linux-gnu;/lib64;/usr/lib/x86_64-linux-gnu;/usr/lib64;/lib;/usr/lib/llvm-12/lib;/usr/lib]
  implicit fwks: []


Determining if the include file pthread.h exists passed with the following output:
Change Dir: /mnt/shared/data/code/fetchweather/build/CMakeFiles/CMakeTmp

Run Build Command(s):/usr/bin/ninja cmTC_a284b && [1/2] Building C object CMakeFiles/cmTC_a284b.dir/CheckIncludeFile.c.o
[2/2] Linking C executable cmTC_a284b



Determining if the function pthread_create exists in the pthread passed with the following output:
Change Dir: /mnt/shared/data/code/fetchweather/build/CMakeFiles/CMakeTmp

Run Build Command(s):/usr/bin/ninja cmTC_e0eb7 && [1/2] Building C object CMakeFiles/cmTC_e0eb7.dir/CheckFunctionExists.c.o
[2/2] Linking C executable cmTC_e0eb7



