Performing C SOURCE FILE Test CMAKE_HAVE_LIBC_PTHREAD failed with the following output:
Change Dir: /mnt/shared/data/code/fetchweather/build/CMakeFiles/CMakeTmp

Run Build Command(s):/usr/bin/ninja cmTC_89144 && [1/2] Building C object CMakeFiles/cmTC_89144.dir/src.c.o
[2/2] Linking C executable cmTC_89144
FAILED: cmTC_89144 
: && /bin/clang-12   CMakeFiles/cmTC_89144.dir/src.c.o -o cmTC_89144   && :
/bin/ld: CMakeFiles/cmTC_89144.dir/src.c.o: in function `main':
src.c:(.text+0x25): undefined reference to `pthread_create'
/bin/ld: src.c:(.text+0x2e): undefined reference to `pthread_detach'
/bin/ld: src.c:(.text+0x37): undefined reference to `pthread_cancel'
/bin/ld: src.c:(.text+0x44): undefined reference to `pthread_join'
clang: error: linker command failed with exit code 1 (use -v to see invocation)
ninja: build stopped: subcommand failed.


Source file was:
#include <pthread.h>

static void* test_func(void* data)
{
  return data;
}

int main(void)
{
  pthread_t thread;
  pthread_create(&thread, NULL, test_func, NULL);
  pthread_detach(thread);
  pthread_cancel(thread);
  pthread_join(thread, NULL);
  pthread_atfork(NULL, NULL, NULL);
  pthread_exit(NULL);

  return 0;
}

Determining if the function pthread_create exists in the pthreads failed with the following output:
Change Dir: /mnt/shared/data/code/fetchweather/build/CMakeFiles/CMakeTmp

Run Build Command(s):/usr/bin/ninja cmTC_0369e && [1/2] Building C object CMakeFiles/cmTC_0369e.dir/CheckFunctionExists.c.o
[2/2] Linking C executable cmTC_0369e
FAILED: cmTC_0369e 
: && /bin/clang-12 -DCHECK_FUNCTION_EXISTS=pthread_create  CMakeFiles/cmTC_0369e.dir/CheckFunctionExists.c.o -o cmTC_0369e  -lpthreads && :
/bin/ld: cannot find -lpthreads
clang: error: linker command failed with exit code 1 (use -v to see invocation)
ninja: build stopped: subcommand failed.



